TN:
SF:controllers/kycController.js
FN:4,(anonymous_0)
FN:17,(anonymous_1)
FN:41,(anonymous_2)
FN:93,(anonymous_3)
FNF:4
FNH:1
FNDA:1,(anonymous_0)
FNDA:0,(anonymous_1)
FNDA:0,(anonymous_2)
FNDA:0,(anonymous_3)
DA:1,1
DA:7,1
DA:18,0
DA:19,0
DA:30,0
DA:31,0
DA:33,0
DA:34,0
DA:42,0
DA:44,0
DA:45,0
DA:46,0
DA:52,0
DA:55,0
DA:73,0
DA:76,0
DA:82,0
DA:83,0
DA:94,0
DA:96,0
DA:97,0
DA:98,0
DA:104,0
DA:107,0
DA:124,0
DA:127,0
DA:128,0
DA:133,0
DA:140,0
DA:141,0
DA:149,1
LF:31
LH:3
BRDA:8,0,0,1
BRDA:8,0,1,1
BRDA:9,1,0,1
BRDA:9,1,1,1
BRDA:45,2,0,0
BRDA:45,2,1,0
BRDA:45,3,0,0
BRDA:45,3,1,0
BRDA:85,4,0,0
BRDA:85,4,1,0
BRDA:97,5,0,0
BRDA:97,5,1,0
BRDA:97,6,0,0
BRDA:97,6,1,0
BRDA:127,7,0,0
BRDA:127,7,1,0
BRDA:143,8,0,0
BRDA:143,8,1,0
BRF:18
BRH:4
end_of_record
